2022-09-26 21:06:11 INFO  ConsumerConfig:376 - ConsumerConfig values: 
	allow.auto.create.topics = true
	auto.commit.interval.ms = 5000
	auto.offset.reset = earliest
	bootstrap.servers = [localhost:29092]
	check.crcs = true
	client.dns.lookup = use_all_dns_ips
	client.id = consumer-null-1
	client.rack = 
	connections.max.idle.ms = 540000
	default.api.timeout.ms = 60000
	enable.auto.commit = true
	exclude.internal.topics = true
	fetch.max.bytes = 52428800
	fetch.max.wait.ms = 500
	fetch.min.bytes = 1
	group.id = null
	group.instance.id = null
	heartbeat.interval.ms = 3000
	interceptor.classes = []
	internal.leave.group.on.close = true
	internal.throw.on.fetch.stable.offset.unsupported = false
	isolation.level = read_uncommitted
	key.deserializer = class org.apache.kafka.common.serialization.ByteArrayDeserializer
	max.partition.fetch.bytes = 1048576
	max.poll.interval.ms = 300000
	max.poll.records = 500
	metadata.max.age.ms = 300000
	metric.reporters = []
	metrics.num.samples = 2
	metrics.recording.level = INFO
	metrics.sample.window.ms = 30000
	partition.assignment.strategy = [class org.apache.kafka.clients.consumer.RangeAssignor, class org.apache.kafka.clients.consumer.CooperativeStickyAssignor]
	receive.buffer.bytes = 65536
	reconnect.backoff.max.ms = 1000
	reconnect.backoff.ms = 50
	request.timeout.ms = 30000
	retry.backoff.ms = 100
	sasl.client.callback.handler.class = null
	sasl.jaas.config = null
	sasl.kerberos.kinit.cmd = /usr/bin/kinit
	sasl.kerberos.min.time.before.relogin = 60000
	sasl.kerberos.service.name = null
	sasl.kerberos.ticket.renew.jitter = 0.05
	sasl.kerberos.ticket.renew.window.factor = 0.8
	sasl.login.callback.handler.class = null
	sasl.login.class = null
	sasl.login.connect.timeout.ms = null
	sasl.login.read.timeout.ms = null
	sasl.login.refresh.buffer.seconds = 300
	sasl.login.refresh.min.period.seconds = 60
	sasl.login.refresh.window.factor = 0.8
	sasl.login.refresh.window.jitter = 0.05
	sasl.login.retry.backoff.max.ms = 10000
	sasl.login.retry.backoff.ms = 100
	sasl.mechanism = GSSAPI
	sasl.oauthbearer.clock.skew.seconds = 30
	sasl.oauthbearer.expected.audience = null
	sasl.oauthbearer.expected.issuer = null
	sasl.oauthbearer.jwks.endpoint.refresh.ms = 3600000
	sasl.oauthbearer.jwks.endpoint.retry.backoff.max.ms = 10000
	sasl.oauthbearer.jwks.endpoint.retry.backoff.ms = 100
	sasl.oauthbearer.jwks.endpoint.url = null
	sasl.oauthbearer.scope.claim.name = scope
	sasl.oauthbearer.sub.claim.name = sub
	sasl.oauthbearer.token.endpoint.url = null
	security.protocol = PLAINTEXT
	security.providers = null
	send.buffer.bytes = 131072
	session.timeout.ms = 45000
	socket.connection.setup.timeout.max.ms = 30000
	socket.connection.setup.timeout.ms = 10000
	ssl.cipher.suites = null
	ssl.enabled.protocols = [TLSv1.2, TLSv1.3]
	ssl.endpoint.identification.algorithm = https
	ssl.engine.factory.class = null
	ssl.key.password = null
	ssl.keymanager.algorithm = SunX509
	ssl.keystore.certificate.chain = null
	ssl.keystore.key = null
	ssl.keystore.location = null
	ssl.keystore.password = null
	ssl.keystore.type = JKS
	ssl.protocol = TLSv1.3
	ssl.provider = null
	ssl.secure.random.implementation = null
	ssl.trustmanager.algorithm = PKIX
	ssl.truststore.certificates = null
	ssl.truststore.location = null
	ssl.truststore.password = null
	ssl.truststore.type = JKS
	value.deserializer = class org.apache.kafka.common.serialization.ByteArrayDeserializer

2022-09-26 21:06:11 INFO  AppInfoParser:119 - Kafka version: 3.1.0
2022-09-26 21:06:11 INFO  AppInfoParser:120 - Kafka commitId: 37edeed0777bacb3
2022-09-26 21:06:11 INFO  AppInfoParser:121 - Kafka startTimeMs: 1664244371845
2022-09-26 21:06:11 INFO  kc-repl:326 - Welcome to kc-repl; consumer metrics: {#object[org.apache.kafka.common.MetricName 0x2bed4ed "MetricName [name=fetch-latency-max, group=consumer-fetch-manager-metrics, description=The max time taken for any fetch request., tags={client-id=consumer-null-1}]"] #object[org.apache.kafka.common.metrics.KafkaMetric 0x57e17da "org.apache.kafka.common.metrics.KafkaMetric@57e17da"], #object[org.apache.kafka.common.MetricName 0xb79953e "MetricName [name=fetch-total, group=consumer-fetch-manager-metrics, description=The total number of fetch requests., tags={client-id=consumer-null-1}]"] #object[org.apache.kafka.common.metrics.KafkaMetric 0x6c743da "org.apache.kafka.common.metrics.KafkaMetric@6c743da"], #object[org.apache.kafka.common.MetricName 0x722af653 "MetricName [name=connection-count, group=consumer-metrics, description=The current number of active connections., tags={client-id=consumer-null-1}]"] #object[org.apache.kafka.common.metrics.KafkaMetric 0x71fff0b "org.apache.kafka.common.metrics.KafkaMetric@71fff0b"], #object[org.apache.kafka.common.MetricName 0x40085ab3 "MetricName [name=network-io-rate, group=consumer-metrics, description=The number of network operations (reads or writes) on all connections per second, tags={client-id=consumer-null-1}]"] #object[org.apache.kafka.common.metrics.KafkaMetric 0x7c6d18fb "org.apache.kafka.common.metrics.KafkaMetric@7c6d18fb"], #object[org.apache.kafka.common.MetricName 0x59d0f14b "MetricName [name=io-wait-time-ns-avg, group=consumer-metrics, description=The average length of time the I/O thread spent waiting for a socket ready for reads or writes in nanoseconds., tags={client-id=consumer-null-1}]"] #object[org.apache.kafka.common.metrics.KafkaMetric 0x214faadd "org.apache.kafka.common.metrics.KafkaMetric@214faadd"], #object[org.apache.kafka.common.MetricName 0x2390a185 "MetricName [name=records-consumed-rate, group=consumer-fetch-manager-metrics, description=The average number of records consumed per second, tags={client-id=consumer-null-1}]"] #object[org.apache.kafka.common.metrics.KafkaMetric 0x37aedfcc "org.apache.kafka.common.metrics.KafkaMetric@37aedfcc"], #object[org.apache.kafka.common.MetricName 0x69aa2adb "MetricName [name=successful-authentication-no-reauth-total, group=consumer-metrics, description=The total number of connections with successful authentication where the client does not support re-authentication, tags={client-id=consumer-null-1}]"] #object[org.apache.kafka.common.metrics.KafkaMetric 0x356f7c71 "org.apache.kafka.common.metrics.KafkaMetric@356f7c71"], #object[org.apache.kafka.common.MetricName 0x13d57fd0 "MetricName [name=outgoing-byte-rate, group=consumer-metrics, description=The number of outgoing bytes sent to all servers per second, tags={client-id=consumer-null-1}]"] #object[org.apache.kafka.common.metrics.KafkaMetric 0x52c482d9 "org.apache.kafka.common.metrics.KafkaMetric@52c482d9"], #object[org.apache.kafka.common.MetricName 0x6a0096a8 "MetricName [name=fetch-size-avg, group=consumer-fetch-manager-metrics, description=The average number of bytes fetched per request, tags={client-id=consumer-null-1}]"] #object[org.apache.kafka.common.metrics.KafkaMetric 0x2442f36d "org.apache.kafka.common.metrics.KafkaMetric@2442f36d"], #object[org.apache.kafka.common.MetricName 0x1c5123ca "MetricName [name=successful-authentication-total, group=consumer-metrics, description=The total number of connections with successful authentication, tags={client-id=consumer-null-1}]"] #object[org.apache.kafka.common.metrics.KafkaMetric 0x6a75b8d3 "org.apache.kafka.common.metrics.KafkaMetric@6a75b8d3"], #object[org.apache.kafka.common.MetricName 0x42ec6e3 "MetricName [name=failed-authentication-total, group=consumer-metrics, description=The total number of connections with failed authentication, tags={client-id=consumer-null-1}]"] #object[org.apache.kafka.common.metrics.KafkaMetric 0x37c48490 "org.apache.kafka.common.metrics.KafkaMetric@37c48490"], #object[org.apache.kafka.common.MetricName 0x221ebed1 "MetricName [name=request-size-max, group=consumer-metrics, description=The maximum size of any request sent., tags={client-id=consumer-null-1}]"] #object[org.apache.kafka.common.metrics.KafkaMetric 0x65ea3961 "org.apache.kafka.common.metrics.KafkaMetric@65ea3961"], #object[org.apache.kafka.common.MetricName 0x1781e2e1 "MetricName [name=request-size-avg, group=consumer-metrics, description=The average size of requests sent., tags={client-id=consumer-null-1}]"] #object[org.apache.kafka.common.metrics.KafkaMetric 0x4721485 "org.apache.kafka.common.metrics.KafkaMetric@4721485"], #object[org.apache.kafka.common.MetricName 0x53cddaec "MetricName [name=successful-reauthentication-rate, group=consumer-metrics, description=The number of successful re-authentication of connections per second, tags={client-id=consumer-null-1}]"] #object[org.apache.kafka.common.metrics.KafkaMetric 0x6758d0c5 "org.apache.kafka.common.metrics.KafkaMetric@6758d0c5"], #object[org.apache.kafka.common.MetricName 0x7f56a025 "MetricName [name=select-rate, group=consumer-metrics, description=The number of times the I/O layer checked for new I/O to perform per second, tags={client-id=consumer-null-1}]"] #object[org.apache.kafka.common.metrics.KafkaMetric 0x6b945576 "org.apache.kafka.common.metrics.KafkaMetric@6b945576"], #object[org.apache.kafka.common.MetricName 0x5633e852 "MetricName [name=failed-reauthentication-rate, group=consumer-metrics, description=The number of failed re-authentication of connections per second, tags={client-id=consumer-null-1}]"] #object[org.apache.kafka.common.metrics.KafkaMetric 0x774cc4a9 "org.apache.kafka.common.metrics.KafkaMetric@774cc4a9"], #object[org.apache.kafka.common.MetricName 0x3d5105ed "MetricName [name=records-lead-min, group=consumer-fetch-manager-metrics, description=The minimum lead in terms of number of records for any partition in this window, tags={client-id=consumer-null-1}]"] #object[org.apache.kafka.common.metrics.KafkaMetric 0x7427c8d4 "org.apache.kafka.common.metrics.KafkaMetric@7427c8d4"], #object[org.apache.kafka.common.MetricName 0x3d9fdf7a "MetricName [name=count, group=kafka-metrics-count, description=total number of registered metrics, tags={client-id=consumer-null-1}]"] #object[org.apache.kafka.common.metrics.KafkaMetric 0x2c673dec "org.apache.kafka.common.metrics.KafkaMetric@2c673dec"], #object[org.apache.kafka.common.MetricName 0x192c3be0 "MetricName [name=fetch-rate, group=consumer-fetch-manager-metrics, description=The number of fetch requests per second., tags={client-id=consumer-null-1}]"] #object[org.apache.kafka.common.metrics.KafkaMetric 0x53872179 "org.apache.kafka.common.metrics.KafkaMetric@53872179"], #object[org.apache.kafka.common.MetricName 0x1020407c "MetricName [name=committed-time-ns-total, group=consumer-metrics, description=The total time the consumer has spent in committed in nanoseconds, tags={client-id=consumer-null-1}]"] #object[org.apache.kafka.common.metrics.KafkaMetric 0x53d87c9 "org.apache.kafka.common.metrics.KafkaMetric@53d87c9"], #object[org.apache.kafka.common.MetricName 0x7d364fb5 "MetricName [name=network-io-total, group=consumer-metrics, description=The total number of network operations (reads or writes) on all connections, tags={client-id=consumer-null-1}]"] #object[org.apache.kafka.common.metrics.KafkaMetric 0x17d03583 "org.apache.kafka.common.metrics.KafkaMetric@17d03583"], #object[org.apache.kafka.common.MetricName 0x561a4a5 "MetricName [name=commit-id, group=app-info, description=Metric indicating commit-id, tags={client-id=consumer-null-1}]"] #object[org.apache.kafka.common.metrics.KafkaMetric 0x6c8b680f "org.apache.kafka.common.metrics.KafkaMetric@6c8b680f"], #object[org.apache.kafka.common.MetricName 0x238fd9cc "MetricName [name=failed-authentication-rate, group=consumer-metrics, description=The number of connections with failed authentication per second, tags={client-id=consumer-null-1}]"] #object[org.apache.kafka.common.metrics.KafkaMetric 0x35e59c13 "org.apache.kafka.common.metrics.KafkaMetric@35e59c13"], #object[org.apache.kafka.common.MetricName 0x3da94286 "MetricName [name=failed-reauthentication-total, group=consumer-metrics, description=The total number of failed re-authentication of connections, tags={client-id=consumer-null-1}]"] #object[org.apache.kafka.common.metrics.KafkaMetric 0xad58e2c "org.apache.kafka.common.metrics.KafkaMetric@ad58e2c"], #object[org.apache.kafka.common.MetricName 0x57497703 "MetricName [name=records-consumed-total, group=consumer-fetch-manager-metrics, description=The total number of records consumed, tags={client-id=consumer-null-1}]"] #object[org.apache.kafka.common.metrics.KafkaMetric 0x4ed56cfd "org.apache.kafka.common.metrics.KafkaMetric@4ed56cfd"], #object[org.apache.kafka.common.MetricName 0x399faad3 "MetricName [name=incoming-byte-total, group=consumer-metrics, description=The total number of bytes read off all sockets, tags={client-id=consumer-null-1}]"] #object[org.apache.kafka.common.metrics.KafkaMetric 0x1f9df722 "org.apache.kafka.common.metrics.KafkaMetric@1f9df722"], #object[org.apache.kafka.common.MetricName 0x3f06abd "MetricName [name=successful-authentication-rate, group=consumer-metrics, description=The number of connections with successful authentication per second, tags={client-id=consumer-null-1}]"] #object[org.apache.kafka.common.metrics.KafkaMetric 0x66a74cba "org.apache.kafka.common.metrics.KafkaMetric@66a74cba"], #object[org.apache.kafka.common.MetricName 0x222abb8f "MetricName [name=records-lag-max, group=consumer-fetch-manager-metrics, description=The maximum lag in terms of number of records for any partition in this window, tags={client-id=consumer-null-1}]"] #object[org.apache.kafka.common.metrics.KafkaMetric 0x52fe7c0f "org.apache.kafka.common.metrics.KafkaMetric@52fe7c0f"], #object[org.apache.kafka.common.MetricName 0x525b416f "MetricName [name=io-wait-ratio, group=consumer-metrics, description=*Deprecated* The fraction of time the I/O thread spent waiting, tags={client-id=consumer-null-1}]"] #object[org.apache.kafka.common.metrics.KafkaMetric 0xec50502 "org.apache.kafka.common.metrics.KafkaMetric@ec50502"], #object[org.apache.kafka.common.MetricName 0x79442196 "MetricName [name=last-poll-seconds-ago, group=consumer-metrics, description=The number of seconds since the last poll() invocation., tags={client-id=consumer-null-1}]"] #object[org.apache.kafka.common.metrics.KafkaMetric 0x587b24b5 "org.apache.kafka.common.metrics.KafkaMetric@587b24b5"], #object[org.apache.kafka.common.MetricName 0x502356ec "MetricName [name=response-rate, group=consumer-metrics, description=The number of responses received per second, tags={client-id=consumer-null-1}]"] #object[org.apache.kafka.common.metrics.KafkaMetric 0x7668b4ff "org.apache.kafka.common.metrics.KafkaMetric@7668b4ff"], #object[org.apache.kafka.common.MetricName 0x2ef86335 "MetricName [name=poll-idle-ratio-avg, group=consumer-metrics, description=The average fraction of time the consumer's poll() is idle as opposed to waiting for the user code to process records., tags={client-id=consumer-null-1}]"] #object[org.apache.kafka.common.metrics.KafkaMetric 0x2fa7a4d3 "org.apache.kafka.common.metrics.KafkaMetric@2fa7a4d3"], #object[org.apache.kafka.common.MetricName 0x65f913fd "MetricName [name=version, group=app-info, description=Metric indicating version, tags={client-id=consumer-null-1}]"] #object[org.apache.kafka.common.metrics.KafkaMetric 0x56059cf1 "org.apache.kafka.common.metrics.KafkaMetric@56059cf1"], #object[org.apache.kafka.common.MetricName 0x3b89bccf "MetricName [name=io-waittime-total, group=consumer-metrics, description=*Deprecated* The total time the I/O thread spent waiting, tags={client-id=consumer-null-1}]"] #object[org.apache.kafka.common.metrics.KafkaMetric 0x299a0651 "org.apache.kafka.common.metrics.KafkaMetric@299a0651"], #object[org.apache.kafka.common.MetricName 0x4518e64 "MetricName [name=time-between-poll-max, group=consumer-metrics, description=The max delay between invocations of poll() in milliseconds., tags={client-id=consumer-null-1}]"] #object[org.apache.kafka.common.metrics.KafkaMetric 0x7ec9780b "org.apache.kafka.common.metrics.KafkaMetric@7ec9780b"], #object[org.apache.kafka.common.MetricName 0x8d0dcd9 "MetricName [name=fetch-throttle-time-max, group=consumer-fetch-manager-metrics, description=The maximum throttle time in ms, tags={client-id=consumer-null-1}]"] #object[org.apache.kafka.common.metrics.KafkaMetric 0x7101fb1c "org.apache.kafka.common.metrics.KafkaMetric@7101fb1c"], #object[org.apache.kafka.common.MetricName 0x79ab79f6 "MetricName [name=io-time-ns-avg, group=consumer-metrics, description=The average length of time for I/O per select call in nanoseconds., tags={client-id=consumer-null-1}]"] #object[org.apache.kafka.common.metrics.KafkaMetric 0x4c974fe8 "org.apache.kafka.common.metrics.KafkaMetric@4c974fe8"], #object[org.apache.kafka.common.MetricName 0x422f74b7 "MetricName [name=select-total, group=consumer-metrics, description=The total number of times the I/O layer checked for new I/O to perform, tags={client-id=consumer-null-1}]"] #object[org.apache.kafka.common.metrics.KafkaMetric 0x3c88bef5 "org.apache.kafka.common.metrics.KafkaMetric@3c88bef5"], #object[org.apache.kafka.common.MetricName 0x1e4e145b "MetricName [name=connection-close-total, group=consumer-metrics, description=The total number of connections closed, tags={client-id=consumer-null-1}]"] #object[org.apache.kafka.common.metrics.KafkaMetric 0x68d0e075 "org.apache.kafka.common.metrics.KafkaMetric@68d0e075"], #object[org.apache.kafka.common.MetricName 0x5163bb14 "MetricName [name=commit-sync-time-ns-total, group=consumer-metrics, description=The total time the consumer has spent in commitSync in nanoseconds, tags={client-id=consumer-null-1}]"] #object[org.apache.kafka.common.metrics.KafkaMetric 0x2865c8db "org.apache.kafka.common.metrics.KafkaMetric@2865c8db"], #object[org.apache.kafka.common.MetricName 0x4667fd40 "MetricName [name=connection-creation-rate, group=consumer-metrics, description=The number of new connections established per second, tags={client-id=consumer-null-1}]"] #object[org.apache.kafka.common.metrics.KafkaMetric 0x29db6eb1 "org.apache.kafka.common.metrics.KafkaMetric@29db6eb1"], #object[org.apache.kafka.common.MetricName 0x65accb85 "MetricName [name=fetch-size-max, group=consumer-fetch-manager-metrics, description=The maximum number of bytes fetched per request, tags={client-id=consumer-null-1}]"] #object[org.apache.kafka.common.metrics.KafkaMetric 0x6309e4fb "org.apache.kafka.common.metrics.KafkaMetric@6309e4fb"], #object[org.apache.kafka.common.MetricName 0x1afd9827 "MetricName [name=connection-close-rate, group=consumer-metrics, description=The number of connections closed per second, tags={client-id=consumer-null-1}]"] #object[org.apache.kafka.common.metrics.KafkaMetric 0x68a1d32f "org.apache.kafka.common.metrics.KafkaMetric@68a1d32f"], #object[org.apache.kafka.common.MetricName 0x6bd2dd5d "MetricName [name=reauthentication-latency-max, group=consumer-metrics, description=The max latency observed due to re-authentication, tags={client-id=consumer-null-1}]"] #object[org.apache.kafka.common.metrics.KafkaMetric 0x47d0c2e0 "org.apache.kafka.common.metrics.KafkaMetric@47d0c2e0"], #object[org.apache.kafka.common.MetricName 0x311a569d "MetricName [name=connection-creation-total, group=consumer-metrics, description=The total number of new connections established, tags={client-id=consumer-null-1}]"] #object[org.apache.kafka.common.metrics.KafkaMetric 0x57c4d33a "org.apache.kafka.common.metrics.KafkaMetric@57c4d33a"], #object[org.apache.kafka.common.MetricName 0x2a01d4aa "MetricName [name=bytes-consumed-total, group=consumer-fetch-manager-metrics, description=The total number of bytes consumed, tags={client-id=consumer-null-1}]"] #object[org.apache.kafka.common.metrics.KafkaMetric 0x6b07c4c8 "org.apache.kafka.common.metrics.KafkaMetric@6b07c4c8"], #object[org.apache.kafka.common.MetricName 0x8cad98b "MetricName [name=reauthentication-latency-avg, group=consumer-metrics, description=The average latency observed due to re-authentication, tags={client-id=consumer-null-1}]"] #object[org.apache.kafka.common.metrics.KafkaMetric 0x79e686ab "org.apache.kafka.common.metrics.KafkaMetric@79e686ab"], #object[org.apache.kafka.common.MetricName 0x5de6a9b9 "MetricName [name=start-time-ms, group=app-info, description=Metric indicating start-time-ms, tags={client-id=consumer-null-1}]"] #object[org.apache.kafka.common.metrics.KafkaMetric 0x8921749 "org.apache.kafka.common.metrics.KafkaMetric@8921749"], #object[org.apache.kafka.common.MetricName 0x56ca8151 "MetricName [name=outgoing-byte-total, group=consumer-metrics, description=The total number of outgoing bytes sent to all servers, tags={client-id=consumer-null-1}]"] #object[org.apache.kafka.common.metrics.KafkaMetric 0x1b5496fd "org.apache.kafka.common.metrics.KafkaMetric@1b5496fd"], #object[org.apache.kafka.common.MetricName 0x73174f4f "MetricName [name=io-wait-time-ns-total, group=consumer-metrics, description=The total time the I/O thread spent waiting, tags={client-id=consumer-null-1}]"] #object[org.apache.kafka.common.metrics.KafkaMetric 0x6b27363b "org.apache.kafka.common.metrics.KafkaMetric@6b27363b"], #object[org.apache.kafka.common.MetricName 0x6965f207 "MetricName [name=incoming-byte-rate, group=consumer-metrics, description=The number of bytes read off all sockets per second, tags={client-id=consumer-null-1}]"] #object[org.apache.kafka.common.metrics.KafkaMetric 0x56b972a8 "org.apache.kafka.common.metrics.KafkaMetric@56b972a8"], #object[org.apache.kafka.common.MetricName 0x1f1d3207 "MetricName [name=fetch-throttle-time-avg, group=consumer-fetch-manager-metrics, description=The average throttle time in ms, tags={client-id=consumer-null-1}]"] #object[org.apache.kafka.common.metrics.KafkaMetric 0x4dd94931 "org.apache.kafka.common.metrics.KafkaMetric@4dd94931"], #object[org.apache.kafka.common.MetricName 0xbea7f47 "MetricName [name=request-rate, group=consumer-metrics, description=The number of requests sent per second, tags={client-id=consumer-null-1}]"] #object[org.apache.kafka.common.metrics.KafkaMetric 0x16db70a0 "org.apache.kafka.common.metrics.KafkaMetric@16db70a0"], #object[org.apache.kafka.common.MetricName 0x60a0e576 "MetricName [name=bytes-consumed-rate, group=consumer-fetch-manager-metrics, description=The average number of bytes consumed per second, tags={client-id=consumer-null-1}]"] #object[org.apache.kafka.common.metrics.KafkaMetric 0x67b7b892 "org.apache.kafka.common.metrics.KafkaMetric@67b7b892"], #object[org.apache.kafka.common.MetricName 0x3f7ff364 "MetricName [name=time-between-poll-avg, group=consumer-metrics, description=The average delay between invocations of poll() in milliseconds., tags={client-id=consumer-null-1}]"] #object[org.apache.kafka.common.metrics.KafkaMetric 0x726cda5b "org.apache.kafka.common.metrics.KafkaMetric@726cda5b"], #object[org.apache.kafka.common.MetricName 0x15800a35 "MetricName [name=records-per-request-avg, group=consumer-fetch-manager-metrics, description=The average number of records in each request, tags={client-id=consumer-null-1}]"] #object[org.apache.kafka.common.metrics.KafkaMetric 0x4fa9533f "org.apache.kafka.common.metrics.KafkaMetric@4fa9533f"], #object[org.apache.kafka.common.MetricName 0xf8d6d7d "MetricName [name=io-time-ns-total, group=consumer-metrics, description=The total time the I/O thread spent doing I/O, tags={client-id=consumer-null-1}]"] #object[org.apache.kafka.common.metrics.KafkaMetric 0x1b27c0d5 "org.apache.kafka.common.metrics.KafkaMetric@1b27c0d5"], #object[org.apache.kafka.common.MetricName 0xee3a026 "MetricName [name=fetch-latency-avg, group=consumer-fetch-manager-metrics, description=The average time taken for a fetch request., tags={client-id=consumer-null-1}]"] #object[org.apache.kafka.common.metrics.KafkaMetric 0xbd62a6e "org.apache.kafka.common.metrics.KafkaMetric@bd62a6e"], #object[org.apache.kafka.common.MetricName 0x6fd458ec "MetricName [name=iotime-total, group=consumer-metrics, description=*Deprecated* The total time the I/O thread spent doing I/O, tags={client-id=consumer-null-1}]"] #object[org.apache.kafka.common.metrics.KafkaMetric 0x4a501cab "org.apache.kafka.common.metrics.KafkaMetric@4a501cab"], #object[org.apache.kafka.common.MetricName 0x59217757 "MetricName [name=request-total, group=consumer-metrics, description=The total number of requests sent, tags={client-id=consumer-null-1}]"] #object[org.apache.kafka.common.metrics.KafkaMetric 0x639ea347 "org.apache.kafka.common.metrics.KafkaMetric@639ea347"], #object[org.apache.kafka.common.MetricName 0x2e4084e0 "MetricName [name=successful-reauthentication-total, group=consumer-metrics, description=The total number of successful re-authentication of connections, tags={client-id=consumer-null-1}]"] #object[org.apache.kafka.common.metrics.KafkaMetric 0x64bf60c7 "org.apache.kafka.common.metrics.KafkaMetric@64bf60c7"], #object[org.apache.kafka.common.MetricName 0x367628c8 "MetricName [name=io-ratio, group=consumer-metrics, description=*Deprecated* The fraction of time the I/O thread spent doing I/O, tags={client-id=consumer-null-1}]"] #object[org.apache.kafka.common.metrics.KafkaMetric 0x206421da "org.apache.kafka.common.metrics.KafkaMetric@206421da"], #object[org.apache.kafka.common.MetricName 0xaa9c6b2 "MetricName [name=response-total, group=consumer-metrics, description=The total number of responses received, tags={client-id=consumer-null-1}]"] #object[org.apache.kafka.common.metrics.KafkaMetric 0x150f3678 "org.apache.kafka.common.metrics.KafkaMetric@150f3678"]}
nREPL server started on port 58217 on host localhost - nrepl://localhost:58217
nREPL 0.9.0
Clojure 1.11.1
OpenJDK 64-Bit Server VM 18.0.1.1+0
Interrupt: Control+C
Exit:      Control+D or (exit) or (quit)
user=> 2022-09-26 21:06:13 INFO  Metadata:287 - [Consumer clientId=consumer-null-1, groupId=null] Cluster ID: giBO4qBaRGqHDVFFHYQd-g
2022-09-26 21:06:13 INFO  KafkaConsumer:1121 - [Consumer clientId=consumer-null-1, groupId=null] Subscribed to partition(s): test-topic-0
2022-09-26 21:06:16 INFO  Metadata:402 - [Consumer clientId=consumer-null-1, groupId=null] Resetting the last seen epoch of partition test-topic-0 to 0 since the associated topicId changed from null to 4gz0FuWAQ9WaaO6r0xvqaw
["test-topic" "test-data"]
user=> 2022-09-26 21:06:17 INFO  Metrics:659 - Metrics scheduler closed
2022-09-26 21:06:17 INFO  Metrics:663 - Closing reporter org.apache.kafka.common.metrics.JmxReporter
